0 info it worked if it ends with ok
1 verbose cli [ '/Users/Loki2d/.nvm/versions/node/v6.2.0/bin/node',
1 verbose cli   '/Users/Loki2d/.nvm/versions/node/v6.2.0/bin/npm',
1 verbose cli   'run',
1 verbose cli   'server' ]
2 info using npm@3.8.9
3 info using node@v6.2.0
4 verbose run-script [ 'preserver', 'server', 'postserver' ]
5 info lifecycle mk-static-webpack@1.0.0~preserver: mk-static-webpack@1.0.0
6 silly lifecycle mk-static-webpack@1.0.0~preserver: no script for preserver, continuing
7 info lifecycle mk-static-webpack@1.0.0~server: mk-static-webpack@1.0.0
8 verbose lifecycle mk-static-webpack@1.0.0~server: unsafe-perm in lifecycle true
9 verbose lifecycle mk-static-webpack@1.0.0~server: PATH: /Users/Loki2d/.nvm/versions/node/v6.2.0/lib/node_modules/npm/bin/node-gyp-bin:/Users/Loki2d/web-server/domains/kp/kp-modules-webpack/node_modules/.bin:/Users/Loki2d/.nvm/versions/node/v6.2.0/bin:/Users/Loki2d/.avn/bin:/Users/Loki2d/.nvm/versions/node/v6.2.0/bin:/Users/Loki2d/bin:/usr/local/bin:/Users/Loki2d/.avn/bin:/Users/Loki2d/.rvm/gems/ruby-2.3.0/bin:/Users/Loki2d/.rvm/gems/ruby-2.3.0@global/bin:/Users/Loki2d/.rvm/rubies/ruby-2.3.0/bin:/usr/local/bin:/usr/bin:/bin:/usr/sbin:/sbin:/opt/X11/bin:/usr/local/git/bin:/Users/Loki2d/.rvm/bin:/Users/Loki2d/.rvm/bin
10 verbose lifecycle mk-static-webpack@1.0.0~server: CWD: /Users/Loki2d/web-server/domains/kp/kp-modules-webpack
11 silly lifecycle mk-static-webpack@1.0.0~server: Args: [ '-c', 'node webpack-dev-server.js' ]
12 silly lifecycle mk-static-webpack@1.0.0~server: Returned: code: 1  signal: null
13 info lifecycle mk-static-webpack@1.0.0~server: Failed to exec server script
14 verbose stack Error: mk-static-webpack@1.0.0 server: `node webpack-dev-server.js`
14 verbose stack Exit status 1
14 verbose stack     at EventEmitter.<anonymous> (/Users/Loki2d/.nvm/versions/node/v6.2.0/lib/node_modules/npm/lib/utils/lifecycle.js:245:16)
14 verbose stack     at emitTwo (events.js:106:13)
14 verbose stack     at EventEmitter.emit (events.js:191:7)
14 verbose stack     at ChildProcess.<anonymous> (/Users/Loki2d/.nvm/versions/node/v6.2.0/lib/node_modules/npm/lib/utils/spawn.js:24:14)
14 verbose stack     at emitTwo (events.js:106:13)
14 verbose stack     at ChildProcess.emit (events.js:191:7)
14 verbose stack     at maybeClose (internal/child_process.js:850:16)
14 verbose stack     at Process.ChildProcess._handle.onexit (internal/child_process.js:215:5)
15 verbose pkgid mk-static-webpack@1.0.0
16 verbose cwd /Users/Loki2d/web-server/domains/kp/kp-modules-webpack
17 error Darwin 15.6.0
18 error argv "/Users/Loki2d/.nvm/versions/node/v6.2.0/bin/node" "/Users/Loki2d/.nvm/versions/node/v6.2.0/bin/npm" "run" "server"
19 error node v6.2.0
20 error npm  v3.8.9
21 error code ELIFECYCLE
22 error mk-static-webpack@1.0.0 server: `node webpack-dev-server.js`
22 error Exit status 1
23 error Failed at the mk-static-webpack@1.0.0 server script 'node webpack-dev-server.js'.
23 error Make sure you have the latest version of node.js and npm installed.
23 error If you do, this is most likely a problem with the mk-static-webpack package,
23 error not with npm itself.
23 error Tell the author that this fails on your system:
23 error     node webpack-dev-server.js
23 error You can get information on how to open an issue for this project with:
23 error     npm bugs mk-static-webpack
23 error Or if that isn't available, you can get their info via:
23 error     npm owner ls mk-static-webpack
23 error There is likely additional logging output above.
24 verbose exit [ 1, true ]
